*** Starting uWSGI 2.0.19.1 (64bit) on [Wed May 26 14:32:06 2021] ***
compiled with version: 7.5.0 on 30 April 2021 06:54:16
os: Linux-5.4.0-73-generic #82~18.04.1-Ubuntu SMP Fri Apr 16 15:10:02 UTC 2021
nodename: softvanadmin-Precision-WorkStation-T3500
machine: x86_64
clock source: unix
pcre jit disabled
detected number of CPU cores: 4
current working directory: /home/dev49/asit_workspace/Innoventa/python_workspace/Lecture/Solution_Python/LEC19
detected binary path: /home/dev49/asit_workspace/Innoventa/python_workspace/Lecture/Solution_Python/LEC19/projectvenv/bin/uwsgi
your processes number limit is 95991
your memory page size is 4096 bytes
detected max file descriptor number: 1024
lock engine: pthread robust mutexes
thunder lock: disabled (you can enable it with --thunder-lock)
uwsgi socket 0 bound to TCP address 0.0.0.0:5001 fd 3
Python version: 3.6.9 (default, Jan 26 2021, 15:33:00)  [GCC 8.4.0]
*** Python threads support is disabled. You can enable it with --enable-threads ***
Python main interpreter initialized at 0x55f03cfeff70
your server socket listen backlog is limited to 100 connections
your mercy for graceful operations on workers is 60 seconds
mapped 218760 bytes (213 KB) for 2 cores
*** Operational MODE: preforking ***
unable to load app 0 (mountpoint='') (callable not found or import error)
*** no app loaded. going in full dynamic mode ***
*** uWSGI is running in multiple interpreter mode ***
spawned uWSGI master process (pid: 1520)
spawned uWSGI worker 1 (pid: 1866, cores: 1)
spawned uWSGI worker 2 (pid: 1868, cores: 1)
--- no python application found, check your startup logs for errors ---
[pid: 1866|app: -1|req: -1/1] 127.0.0.1 () {50 vars in 969 bytes} [Sat May 29 12:24:38 2021] GET / => generated 21 bytes in 0 msecs (HTTP/1.0 500) 2 headers in 83 bytes (0 switches on core 0)
--- no python application found, check your startup logs for errors ---
[pid: 1866|app: -1|req: -1/2] 127.0.0.1 () {48 vars in 899 bytes} [Sat May 29 12:24:38 2021] GET /favicon.ico => generated 21 bytes in 0 msecs (HTTP/1.0 500) 2 headers in 83 bytes (0 switches on core 0)
--- no python application found, check your startup logs for errors ---
[pid: 1868|app: -1|req: -1/3] 127.0.0.1 () {52 vars in 1000 bytes} [Sat May 29 12:24:43 2021] GET / => generated 21 bytes in 0 msecs (HTTP/1.0 500) 2 headers in 83 bytes (0 switches on core 0)
--- no python application found, check your startup logs for errors ---
[pid: 1868|app: -1|req: -1/4] 127.0.0.1 () {52 vars in 952 bytes} [Sat May 29 12:24:43 2021] GET /favicon.ico => generated 21 bytes in 0 msecs (HTTP/1.0 500) 2 headers in 83 bytes (0 switches on core 0)
SIGINT/SIGQUIT received...killing workers...
worker 1 buried after 7 seconds
worker 2 buried after 7 seconds
goodbye to uWSGI.
*** Starting uWSGI 2.0.19.1 (64bit) on [Mon Jun 14 09:30:31 2021] ***
compiled with version: 7.5.0 on 30 April 2021 06:54:16
os: Linux-5.4.0-74-generic #83~18.04.1-Ubuntu SMP Tue May 11 16:01:00 UTC 2021
nodename: softvanadmin-Precision-WorkStation-T3500
machine: x86_64
clock source: unix
pcre jit disabled
detected number of CPU cores: 4
current working directory: /home/dev49/asit_workspace/Innoventa/python_workspace/Lecture/Solution_Python/LEC19
detected binary path: /home/dev49/asit_workspace/Innoventa/python_workspace/Lecture/Solution_Python/LEC19/projectvenv/bin/uwsgi
your processes number limit is 95986
your memory page size is 4096 bytes
detected max file descriptor number: 1024
lock engine: pthread robust mutexes
thunder lock: disabled (you can enable it with --thunder-lock)
uwsgi socket 0 bound to TCP address 0.0.0.0:5001 fd 3
Python version: 3.6.9 (default, Jan 26 2021, 15:33:00)  [GCC 8.4.0]
*** Python threads support is disabled. You can enable it with --enable-threads ***
Python main interpreter initialized at 0x56377ebaef70
your server socket listen backlog is limited to 100 connections
your mercy for graceful operations on workers is 60 seconds
mapped 218760 bytes (213 KB) for 2 cores
*** Operational MODE: preforking ***
unable to load app 0 (mountpoint='') (callable not found or import error)
*** no app loaded. going in full dynamic mode ***
*** uWSGI is running in multiple interpreter mode ***
spawned uWSGI master process (pid: 1536)
spawned uWSGI worker 1 (pid: 1915, cores: 1)
spawned uWSGI worker 2 (pid: 1916, cores: 1)
